2024-12-07 17:08:15 - #----------Config info----------#
2024-12-07 17:08:15 - network: UltraLight_VM_UNet,
2024-12-07 17:08:15 - model_config: {'num_classes': 1, 'input_channels': 3, 'c_list': [8, 16, 24, 32, 48, 64], 'split_att': 'fc', 'bridge': True},
2024-12-07 17:08:15 - datasets: DeepCrack,
2024-12-07 17:08:15 - criterion: BceDiceLoss(
  (bce): BCELoss()
  (dice): DiceLoss()
),
2024-12-07 17:08:15 - pretrained_path: ./pre_trained/,
2024-12-07 17:08:15 - num_classes: 1,
2024-12-07 17:08:15 - input_size_h: 384,
2024-12-07 17:08:15 - input_size_w: 384,
2024-12-07 17:08:15 - input_channels: 3,
2024-12-07 17:08:15 - distributed: False,
2024-12-07 17:08:15 - local_rank: -1,
2024-12-07 17:08:15 - num_workers: 8,
2024-12-07 17:08:15 - seed: 42,
2024-12-07 17:08:15 - world_size: None,
2024-12-07 17:08:15 - rank: None,
2024-12-07 17:08:15 - amp: False,
2024-12-07 17:08:15 - gpu_id: 0,
2024-12-07 17:08:15 - batch_size: 8,
2024-12-07 17:08:15 - epochs: 100,
2024-12-07 17:08:15 - work_dir: results/UltraLight_VM_UNet_DeepCrack_Saturday_07_December_2024_17h_08m_15s/,
2024-12-07 17:08:15 - print_interval: 38,
2024-12-07 17:08:15 - val_interval: 10,
2024-12-07 17:08:15 - save_interval: 37,
2024-12-07 17:08:15 - threshold: 0.5,
2024-12-07 17:08:15 - opt: AdamW,
2024-12-07 17:08:15 - lr: 0.006,
2024-12-07 17:08:15 - betas: (0.9, 0.999),
2024-12-07 17:08:15 - eps: 1e-08,
2024-12-07 17:08:15 - weight_decay: 0.01,
2024-12-07 17:08:15 - amsgrad: False,
2024-12-07 17:08:15 - sch: CosineAnnealingLR,
2024-12-07 17:08:15 - T_max: 100,
2024-12-07 17:08:15 - eta_min: 1e-05,
2024-12-07 17:08:15 - last_epoch: -1,
2024-12-07 17:08:19 - flops: 1.10, params: 0.13, Total params: : 0.16
2024-12-07 17:08:21 - train: epoch 1, iter:0, loss: 2.2934, lr: 0.006
2024-12-07 17:08:34 - val epoch: 1, loss: 0.6138
2024-12-07 17:08:35 - train: epoch 2, iter:0, loss: 0.3554, lr: 0.0059985221482953665
2024-12-07 17:08:48 - val epoch: 2, loss: 0.6094
2024-12-07 17:08:49 - train: epoch 3, iter:0, loss: 0.4104, lr: 0.005994090051642674
2024-12-07 17:09:02 - val epoch: 3, loss: 0.6123
2024-12-07 17:09:02 - train: epoch 4, iter:0, loss: 0.2843, lr: 0.005986708083986225
2024-12-07 17:09:15 - val epoch: 4, loss: 0.5109
2024-12-07 17:09:16 - train: epoch 5, iter:0, loss: 0.3641, lr: 0.005976383530436862
2024-12-07 17:09:29 - val epoch: 5, loss: 0.6420
2024-12-07 17:09:30 - train: epoch 6, iter:0, loss: 0.2371, lr: 0.005963126580082438
2024-12-07 17:09:43 - val epoch: 6, loss: 0.5026
2024-12-07 17:09:44 - train: epoch 7, iter:0, loss: 0.1741, lr: 0.005946950315932423
2024-12-07 17:09:57 - val epoch: 7, loss: 0.5293
2024-12-07 17:09:58 - train: epoch 8, iter:0, loss: 0.2679, lr: 0.005927870702006548
2024-12-07 17:10:10 - val epoch: 8, loss: 0.6288
2024-12-07 17:10:11 - train: epoch 9, iter:0, loss: 0.2346, lr: 0.00590590656758025
2024-12-07 17:10:23 - val epoch: 9, loss: 0.4597
2024-12-07 17:10:24 - train: epoch 10, iter:0, loss: 0.1849, lr: 0.0058810795886024446
2024-12-07 17:10:38 - val epoch: 10, loss: 0.4366, miou: 0.5993, f1_or_dsc: 0.7494, accuracy: 0.9814,                 specificity: 0.9882, recall: 0.7940, precision: 0.7096, confusion_matrix: [[7030398   83985]
 [  53221  205196]]
2024-12-07 17:10:39 - train: epoch 11, iter:0, loss: 0.2007, lr: 0.005853414266303985
2024-12-07 17:10:51 - val epoch: 11, loss: 0.4654
2024-12-07 17:10:52 - train: epoch 12, iter:0, loss: 0.1712, lr: 0.0058229379030179055
2024-12-07 17:11:04 - val epoch: 12, loss: 0.3948
2024-12-07 17:11:05 - train: epoch 13, iter:0, loss: 0.2319, lr: 0.005789680575235313
2024-12-07 17:11:18 - val epoch: 13, loss: 0.4848
2024-12-07 17:11:19 - train: epoch 14, iter:0, loss: 0.2104, lr: 0.005753675103923523
2024-12-07 17:11:32 - val epoch: 14, loss: 0.3885
2024-12-07 17:11:33 - train: epoch 15, iter:0, loss: 0.3138, lr: 0.005714957022135729
2024-12-07 17:11:46 - val epoch: 15, loss: 0.4674
2024-12-07 17:11:47 - train: epoch 16, iter:0, loss: 0.3000, lr: 0.005673564539944162
2024-12-07 17:11:59 - val epoch: 16, loss: 0.5573
2024-12-07 17:12:00 - train: epoch 17, iter:0, loss: 0.1567, lr: 0.005629538506731371
2024-12-07 17:12:13 - val epoch: 17, loss: 0.3842
2024-12-07 17:12:14 - train: epoch 18, iter:0, loss: 0.1811, lr: 0.005582922370876812
2024-12-07 17:12:27 - val epoch: 18, loss: 0.4006
2024-12-07 17:12:28 - train: epoch 19, iter:0, loss: 0.3001, lr: 0.005533762136878536
2024-12-07 17:12:40 - val epoch: 19, loss: 0.4776
2024-12-07 17:12:41 - train: epoch 20, iter:0, loss: 0.2768, lr: 0.005482106319952313
2024-12-07 17:12:55 - val epoch: 20, loss: 0.3891, miou: 0.6551, f1_or_dsc: 0.7916, accuracy: 0.9848,                 specificity: 0.9907, recall: 0.8232, precision: 0.7625, confusion_matrix: [[7048111   66272]
 [  45699  212718]]
2024-12-07 17:12:56 - train: epoch 21, iter:0, loss: 0.2416, lr: 0.005428005898152968
2024-12-07 17:13:08 - val epoch: 21, loss: 0.4221
2024-12-07 17:13:09 - train: epoch 22, iter:0, loss: 0.3163, lr: 0.0053715142620651924
2024-12-07 17:13:22 - val epoch: 22, loss: 0.4318
2024-12-07 17:13:23 - train: epoch 23, iter:0, loss: 0.2869, lr: 0.005312687162113489
2024-12-07 17:13:36 - val epoch: 23, loss: 0.4069
2024-12-07 17:13:36 - train: epoch 24, iter:0, loss: 0.1768, lr: 0.005251582653543227
2024-12-07 17:13:49 - val epoch: 24, loss: 0.3711
2024-12-07 17:13:50 - train: epoch 25, iter:0, loss: 0.1373, lr: 0.005188261039127128
2024-12-07 17:14:03 - val epoch: 25, loss: 0.5515
2024-12-07 17:14:03 - train: epoch 26, iter:0, loss: 0.1933, lr: 0.00512278480965371
2024-12-07 17:14:16 - val epoch: 26, loss: 0.4130
2024-12-07 17:14:17 - train: epoch 27, iter:0, loss: 0.1493, lr: 0.005055218582256424
2024-12-07 17:14:30 - val epoch: 27, loss: 0.3428
2024-12-07 17:14:31 - train: epoch 28, iter:0, loss: 0.1465, lr: 0.004985629036644339
2024-12-07 17:14:43 - val epoch: 28, loss: 0.4178
2024-12-07 17:14:44 - train: epoch 29, iter:0, loss: 0.2922, lr: 0.004914084849297327
2024-12-07 17:14:57 - val epoch: 29, loss: 0.3272
2024-12-07 17:14:58 - train: epoch 30, iter:0, loss: 0.1722, lr: 0.004840656625690666
2024-12-07 17:15:13 - val epoch: 30, loss: 0.3861, miou: 0.6204, f1_or_dsc: 0.7657, accuracy: 0.9813,                 specificity: 0.9854, recall: 0.8700, precision: 0.6838, confusion_matrix: [[7010424  103959]
 [  33597  224820]]
2024-12-07 17:15:14 - train: epoch 31, iter:0, loss: 0.1935, lr: 0.0047654168306159594
2024-12-07 17:15:26 - val epoch: 31, loss: 0.3364
2024-12-07 17:15:27 - train: epoch 32, iter:0, loss: 0.1895, lr: 0.004688439716667134
2024-12-07 17:15:40 - val epoch: 32, loss: 0.3619
2024-12-07 17:15:41 - train: epoch 33, iter:0, loss: 0.1830, lr: 0.004609801250962097
2024-12-07 17:15:53 - val epoch: 33, loss: 0.3385
2024-12-07 17:15:54 - train: epoch 34, iter:0, loss: 0.1964, lr: 0.004529579040172364
2024-12-07 17:16:07 - val epoch: 34, loss: 0.2984
2024-12-07 17:16:08 - train: epoch 35, iter:0, loss: 0.2448, lr: 0.004447852253934639
2024-12-07 17:16:21 - val epoch: 35, loss: 0.3468
2024-12-07 17:16:22 - train: epoch 36, iter:0, loss: 0.1776, lr: 0.004364701546719945
2024-12-07 17:16:35 - val epoch: 36, loss: 0.3530
2024-12-07 17:16:35 - train: epoch 37, iter:0, loss: 0.2091, lr: 0.0042802089782373945
2024-12-07 17:16:49 - val epoch: 37, loss: 0.3443
2024-12-07 17:16:50 - train: epoch 38, iter:0, loss: 0.2018, lr: 0.00419445793245117
2024-12-07 17:17:02 - val epoch: 38, loss: 0.4124
2024-12-07 17:17:03 - train: epoch 39, iter:0, loss: 0.1818, lr: 0.004107533035290613
2024-12-07 17:17:16 - val epoch: 39, loss: 0.3302
2024-12-07 17:17:17 - train: epoch 40, iter:0, loss: 0.2172, lr: 0.004019520071134651
2024-12-07 17:17:31 - val epoch: 40, loss: 0.3839, miou: 0.6452, f1_or_dsc: 0.7843, accuracy: 0.9846,                 specificity: 0.9913, recall: 0.7995, precision: 0.7697, confusion_matrix: [[7052570   61813]
 [  51802  206615]]
2024-12-07 17:17:31 - train: epoch 41, iter:0, loss: 0.2120, lr: 0.00393050589815297
2024-12-07 17:17:44 - val epoch: 41, loss: 0.3508
2024-12-07 17:17:45 - train: epoch 42, iter:0, loss: 0.1512, lr: 0.003840578362587495
2024-12-07 17:17:57 - val epoch: 42, loss: 0.3161
2024-12-07 17:17:58 - train: epoch 43, iter:0, loss: 0.1295, lr: 0.0037498262120587425
2024-12-07 17:18:11 - val epoch: 43, loss: 0.3130
2024-12-07 17:18:12 - train: epoch 44, iter:0, loss: 0.2095, lr: 0.003658339007982648
2024-12-07 17:18:25 - val epoch: 44, loss: 0.3247
2024-12-07 17:18:26 - train: epoch 45, iter:0, loss: 0.3268, lr: 0.0035662070371842484
2024-12-07 17:18:38 - val epoch: 45, loss: 0.3278
2024-12-07 17:18:39 - train: epoch 46, iter:0, loss: 0.1674, lr: 0.003473521222795494
2024-12-07 17:18:52 - val epoch: 46, loss: 0.3354
2024-12-07 17:18:53 - train: epoch 47, iter:0, loss: 0.2430, lr: 0.0033803730345250945
2024-12-07 17:19:05 - val epoch: 47, loss: 0.3060
2024-12-07 17:19:06 - train: epoch 48, iter:0, loss: 0.1809, lr: 0.003286854398388953
2024-12-07 17:19:20 - val epoch: 48, loss: 0.3059
2024-12-07 17:19:21 - train: epoch 49, iter:0, loss: 0.1580, lr: 0.0031930576059902966
2024-12-07 17:19:33 - val epoch: 49, loss: 0.3028
2024-12-07 17:19:34 - train: epoch 50, iter:0, loss: 0.2341, lr: 0.003099075223438997
2024-12-07 17:19:48 - val epoch: 50, loss: 0.2844, miou: 0.7277, f1_or_dsc: 0.8424, accuracy: 0.9888,                 specificity: 0.9938, recall: 0.8517, precision: 0.8333, confusion_matrix: [[7070358   44025]
 [  38320  220097]]
2024-12-07 17:19:49 - train: epoch 51, iter:0, loss: 0.2319, lr: 0.003005000000000003
2024-12-07 17:20:02 - val epoch: 51, loss: 0.2983
2024-12-07 17:20:03 - train: epoch 52, iter:0, loss: 0.1413, lr: 0.0029109247765610087
2024-12-07 17:20:16 - val epoch: 52, loss: 0.3374
2024-12-07 17:20:17 - train: epoch 53, iter:0, loss: 0.1515, lr: 0.002816942394009709
2024-12-07 17:20:29 - val epoch: 53, loss: 0.3032
2024-12-07 17:20:30 - train: epoch 54, iter:0, loss: 0.1517, lr: 0.002723145601611052
2024-12-07 17:20:44 - val epoch: 54, loss: 0.2969
2024-12-07 17:20:44 - train: epoch 55, iter:0, loss: 0.2159, lr: 0.0026296269654749113
2024-12-07 17:20:57 - val epoch: 55, loss: 0.3519
2024-12-07 17:20:58 - train: epoch 56, iter:0, loss: 0.1906, lr: 0.002536478777204511
2024-12-07 17:21:10 - val epoch: 56, loss: 0.3021
2024-12-07 17:21:11 - train: epoch 57, iter:0, loss: 0.1768, lr: 0.002443792962815757
2024-12-07 17:21:25 - val epoch: 57, loss: 0.3080
2024-12-07 17:21:25 - train: epoch 58, iter:0, loss: 0.1750, lr: 0.0023516609920173582
2024-12-07 17:21:38 - val epoch: 58, loss: 0.2922
2024-12-07 17:21:39 - train: epoch 59, iter:0, loss: 0.2226, lr: 0.002260173787941262
2024-12-07 17:21:51 - val epoch: 59, loss: 0.2875
2024-12-07 17:21:52 - train: epoch 60, iter:0, loss: 0.1542, lr: 0.0021694216374125107
2024-12-07 17:22:06 - val epoch: 60, loss: 0.2922, miou: 0.7228, f1_or_dsc: 0.8391, accuracy: 0.9887,                 specificity: 0.9941, recall: 0.8400, precision: 0.8382, confusion_matrix: [[7072467   41916]
 [  41336  217081]]
2024-12-07 17:22:07 - train: epoch 61, iter:0, loss: 0.2024, lr: 0.0020794941018470355
2024-12-07 17:22:20 - val epoch: 61, loss: 0.3753
2024-12-07 17:22:20 - train: epoch 62, iter:0, loss: 0.1678, lr: 0.0019904799288653543
2024-12-07 17:22:33 - val epoch: 62, loss: 0.2970
2024-12-07 17:22:34 - train: epoch 63, iter:0, loss: 0.1072, lr: 0.0019024669647093922
2024-12-07 17:22:46 - val epoch: 63, loss: 0.2799
2024-12-07 17:22:47 - train: epoch 64, iter:0, loss: 0.1600, lr: 0.0018155420675488336
2024-12-07 17:23:00 - val epoch: 64, loss: 0.2792
2024-12-07 17:23:01 - train: epoch 65, iter:0, loss: 0.1809, lr: 0.0017297910217626091
2024-12-07 17:23:13 - val epoch: 65, loss: 0.2887
2024-12-07 17:23:14 - train: epoch 66, iter:0, loss: 0.2148, lr: 0.0016452984532800592
2024-12-07 17:23:28 - val epoch: 66, loss: 0.2915
2024-12-07 17:23:29 - train: epoch 67, iter:0, loss: 0.2145, lr: 0.0015621477460653638
2024-12-07 17:23:41 - val epoch: 67, loss: 0.3294
2024-12-07 17:23:42 - train: epoch 68, iter:0, loss: 0.1706, lr: 0.0014804209598276393
