2024-12-09 17:29:33 - #----------Config info----------#
2024-12-09 17:29:33 - network: UltraLight_VM_UNet,
2024-12-09 17:29:33 - model_config: {'num_classes': 1, 'input_channels': 3, 'c_list': [8, 16, 24, 32, 48, 64], 'split_att': 'fc', 'bridge': True},
2024-12-09 17:29:33 - datasets: SteelCrack,
2024-12-09 17:29:33 - criterion: BceDiceLoss(
  (bce): BCELoss()
  (dice): DiceLoss()
),
2024-12-09 17:29:33 - pretrained_path: ./pre_trained/,
2024-12-09 17:29:33 - num_classes: 1,
2024-12-09 17:29:33 - input_size_h: 512,
2024-12-09 17:29:33 - input_size_w: 512,
2024-12-09 17:29:33 - input_channels: 3,
2024-12-09 17:29:33 - distributed: False,
2024-12-09 17:29:33 - local_rank: -1,
2024-12-09 17:29:33 - num_workers: 8,
2024-12-09 17:29:33 - seed: 42,
2024-12-09 17:29:33 - world_size: None,
2024-12-09 17:29:33 - rank: None,
2024-12-09 17:29:33 - amp: False,
2024-12-09 17:29:33 - gpu_id: 0,
2024-12-09 17:29:33 - batch_size: 8,
2024-12-09 17:29:33 - epochs: 100,
2024-12-09 17:29:33 - work_dir: results/UltraLight_VM_UNet_SteelCrack_Monday_09_December_2024_17h_29m_33s/,
2024-12-09 17:29:33 - print_interval: 825,
2024-12-09 17:29:33 - val_interval: 10,
2024-12-09 17:29:33 - save_interval: 106,
2024-12-09 17:29:33 - threshold: 0.5,
2024-12-09 17:29:33 - opt: AdamW,
2024-12-09 17:29:33 - lr: 0.006,
2024-12-09 17:29:33 - betas: (0.9, 0.999),
2024-12-09 17:29:33 - eps: 1e-08,
2024-12-09 17:29:33 - weight_decay: 0.01,
2024-12-09 17:29:33 - amsgrad: False,
2024-12-09 17:29:33 - sch: CosineAnnealingLR,
2024-12-09 17:29:33 - T_max: 100,
2024-12-09 17:29:33 - eta_min: 1e-05,
2024-12-09 17:29:33 - last_epoch: -1,
2024-12-09 17:29:37 - flops: 1.96, params: 0.13, Total params: : 0.16
2024-12-09 17:29:40 - train: epoch 1, iter:0, loss: 2.4787, lr: 0.006
