2024-12-09 17:29:33 - #----------Config info----------#
2024-12-09 17:29:33 - network: UltraLight_CrackNet,
2024-12-09 17:29:33 - model_config: {'num_classes': 1, 'input_channels': 3, 'c_list': [8, 16, 24, 32, 48, 64], 'split_att': 'fc', 'bridge': True},
2024-12-09 17:29:33 - datasets: SteelCrack,
2024-12-09 17:29:33 - criterion: BceDiceLoss(
  (bce): BCELoss()
  (dice): DiceLoss()
),
2024-12-09 17:29:33 - pretrained_path: ./pre_trained/,
2024-12-09 17:29:33 - num_classes: 1,
2024-12-09 17:29:33 - input_size_h: 512,
2024-12-09 17:29:33 - input_size_w: 512,
2024-12-09 17:29:33 - input_channels: 3,
2024-12-09 17:29:33 - distributed: False,
2024-12-09 17:29:33 - local_rank: -1,
2024-12-09 17:29:33 - num_workers: 8,
2024-12-09 17:29:33 - seed: 42,
2024-12-09 17:29:33 - world_size: None,
2024-12-09 17:29:33 - rank: None,
2024-12-09 17:29:33 - amp: False,
2024-12-09 17:29:33 - gpu_id: 0,
2024-12-09 17:29:33 - batch_size: 8,
2024-12-09 17:29:33 - epochs: 100,
2024-12-09 17:29:33 - work_dir: results/UltraLight_CrackNet_SteelCrack_Monday_09_December_2024_17h_29m_33s/,
2024-12-09 17:29:33 - print_interval: 825,
2024-12-09 17:29:33 - val_interval: 10,
2024-12-09 17:29:33 - save_interval: 106,
2024-12-09 17:29:33 - threshold: 0.5,
2024-12-09 17:29:33 - opt: AdamW,
2024-12-09 17:29:33 - lr: 0.006,
2024-12-09 17:29:33 - betas: (0.9, 0.999),
2024-12-09 17:29:33 - eps: 1e-08,
2024-12-09 17:29:33 - weight_decay: 0.01,
2024-12-09 17:29:33 - amsgrad: False,
2024-12-09 17:29:33 - sch: CosineAnnealingLR,
2024-12-09 17:29:33 - T_max: 100,
2024-12-09 17:29:33 - eta_min: 1e-05,
2024-12-09 17:29:33 - last_epoch: -1,
2024-12-09 17:29:37 - flops: 1.96, params: 0.13, Total params: : 0.16
2024-12-09 17:29:40 - train: epoch 1, iter:0, loss: 2.4787, lr: 0.006
2024-12-09 17:32:28 - val epoch: 1, loss: 0.5762
2024-12-09 17:32:30 - train: epoch 2, iter:0, loss: 0.4074, lr: 0.0059985221482953665
2024-12-09 17:35:14 - val epoch: 2, loss: 0.4883
2024-12-09 17:35:16 - train: epoch 3, iter:0, loss: 0.2111, lr: 0.005994090051642674
2024-12-09 17:37:59 - val epoch: 3, loss: 0.4213
2024-12-09 17:38:01 - train: epoch 4, iter:0, loss: 0.4054, lr: 0.005986708083986225
2024-12-09 17:40:45 - val epoch: 4, loss: 0.4000
2024-12-09 17:40:47 - train: epoch 5, iter:0, loss: 0.2421, lr: 0.005976383530436862
2024-12-09 17:43:31 - val epoch: 5, loss: 0.3895
2024-12-09 17:43:33 - train: epoch 6, iter:0, loss: 0.2400, lr: 0.005963126580082438
2024-12-09 17:46:20 - val epoch: 6, loss: 0.4608
2024-12-09 17:46:22 - train: epoch 7, iter:0, loss: 0.3685, lr: 0.005946950315932423
2024-12-09 17:49:11 - val epoch: 7, loss: 0.3385
2024-12-09 17:49:13 - train: epoch 8, iter:0, loss: 0.2139, lr: 0.005927870702006548
2024-12-09 17:51:56 - val epoch: 8, loss: 0.3549
2024-12-09 17:51:58 - train: epoch 9, iter:0, loss: 0.2100, lr: 0.00590590656758025
2024-12-09 17:54:45 - val epoch: 9, loss: 0.3356
2024-12-09 17:54:47 - train: epoch 10, iter:0, loss: 0.4546, lr: 0.0058810795886024446
2024-12-09 17:58:01 - val epoch: 10, loss: 0.3279, miou: 0.5937, f1_or_dsc: 0.7451, accuracy: 0.9933,                 specificity: 0.9981, recall: 0.6698, precision: 0.8394, confusion_matrix: [[135351081    258411]
 [   665730   1350378]]
2024-12-09 17:58:03 - train: epoch 11, iter:0, loss: 0.2419, lr: 0.005853414266303985
2024-12-09 18:00:49 - val epoch: 11, loss: 0.3206
2024-12-09 18:00:51 - train: epoch 12, iter:0, loss: 0.1677, lr: 0.0058229379030179055
2024-12-09 18:03:34 - val epoch: 12, loss: 0.3888
2024-12-09 18:03:36 - train: epoch 13, iter:0, loss: 0.3445, lr: 0.005789680575235313
2024-12-09 18:06:22 - val epoch: 13, loss: 0.3150
2024-12-09 18:06:24 - train: epoch 14, iter:0, loss: 0.3573, lr: 0.005753675103923523
2024-12-09 18:09:15 - val epoch: 14, loss: 0.3218
2024-12-09 18:09:17 - train: epoch 15, iter:0, loss: 0.3058, lr: 0.005714957022135729
2024-12-09 18:12:00 - val epoch: 15, loss: 0.3866
2024-12-09 18:12:02 - train: epoch 16, iter:0, loss: 0.2417, lr: 0.005673564539944162
2024-12-09 18:14:45 - val epoch: 16, loss: 0.3563
2024-12-09 18:14:47 - train: epoch 17, iter:0, loss: 0.2243, lr: 0.005629538506731371
2024-12-09 18:17:35 - val epoch: 17, loss: 0.2873
2024-12-09 18:17:37 - train: epoch 18, iter:0, loss: 0.2310, lr: 0.005582922370876812
2024-12-09 18:20:21 - val epoch: 18, loss: 0.3460
2024-12-09 18:20:23 - train: epoch 19, iter:0, loss: 0.2473, lr: 0.005533762136878536
2024-12-09 18:23:04 - val epoch: 19, loss: 0.3357
2024-12-09 18:23:06 - train: epoch 20, iter:0, loss: 0.1721, lr: 0.005482106319952313
2024-12-09 18:26:19 - val epoch: 20, loss: 0.3141, miou: 0.6199, f1_or_dsc: 0.7654, accuracy: 0.9934,                 specificity: 0.9973, recall: 0.7322, precision: 0.8017, confusion_matrix: [[135244425    365067]
 [   539933   1476175]]
2024-12-09 18:26:21 - train: epoch 21, iter:0, loss: 0.2171, lr: 0.005428005898152968
2024-12-09 18:29:04 - val epoch: 21, loss: 0.3306
2024-12-09 18:29:06 - train: epoch 22, iter:0, loss: 0.2436, lr: 0.0053715142620651924
2024-12-09 18:31:43 - val epoch: 22, loss: 0.3098
2024-12-09 18:31:45 - train: epoch 23, iter:0, loss: 0.1674, lr: 0.005312687162113489
2024-12-09 18:34:27 - val epoch: 23, loss: 0.3418
2024-12-09 18:34:29 - train: epoch 24, iter:0, loss: 0.1268, lr: 0.005251582653543227
2024-12-09 18:37:10 - val epoch: 24, loss: 0.2634
2024-12-09 18:37:12 - train: epoch 25, iter:0, loss: 0.1452, lr: 0.005188261039127128
2024-12-09 18:39:49 - val epoch: 25, loss: 0.3410
2024-12-09 18:39:51 - train: epoch 26, iter:0, loss: 0.1915, lr: 0.00512278480965371
2024-12-09 18:42:31 - val epoch: 26, loss: 0.2604
2024-12-09 18:42:33 - train: epoch 27, iter:0, loss: 0.1781, lr: 0.005055218582256424
2024-12-09 18:45:18 - val epoch: 27, loss: 0.2636
2024-12-09 18:45:20 - train: epoch 28, iter:0, loss: 0.2820, lr: 0.004985629036644339
2024-12-09 18:47:57 - val epoch: 28, loss: 0.2539
2024-12-09 18:47:59 - train: epoch 29, iter:0, loss: 0.2693, lr: 0.004914084849297327
2024-12-09 18:50:39 - val epoch: 29, loss: 0.2480
2024-12-09 18:50:41 - train: epoch 30, iter:0, loss: 0.2311, lr: 0.004840656625690666
2024-12-09 18:53:55 - val epoch: 30, loss: 0.3309, miou: 0.6181, f1_or_dsc: 0.7639, accuracy: 0.9935,                 specificity: 0.9975, recall: 0.7213, precision: 0.8119, confusion_matrix: [[135272547    336945]
 [   561798   1454310]]
2024-12-09 18:53:57 - train: epoch 31, iter:0, loss: 0.5121, lr: 0.0047654168306159594
2024-12-09 18:56:39 - val epoch: 31, loss: 0.2906
2024-12-09 18:56:41 - train: epoch 32, iter:0, loss: 0.2435, lr: 0.004688439716667134
2024-12-09 18:59:25 - val epoch: 32, loss: 0.2891
2024-12-09 18:59:27 - train: epoch 33, iter:0, loss: 0.2630, lr: 0.004609801250962097
2024-12-09 19:02:15 - val epoch: 33, loss: 0.2636
2024-12-09 19:02:17 - train: epoch 34, iter:0, loss: 0.1018, lr: 0.004529579040172364
2024-12-09 19:05:06 - val epoch: 34, loss: 0.2597
2024-12-09 19:05:08 - train: epoch 35, iter:0, loss: 0.1838, lr: 0.004447852253934639
2024-12-09 19:07:52 - val epoch: 35, loss: 0.2544
2024-12-09 19:07:54 - train: epoch 36, iter:0, loss: 0.1451, lr: 0.004364701546719945
2024-12-09 19:10:40 - val epoch: 36, loss: 0.2591
2024-12-09 19:10:42 - train: epoch 37, iter:0, loss: 0.1321, lr: 0.0042802089782373945
2024-12-09 19:13:29 - val epoch: 37, loss: 0.2600
2024-12-09 19:13:31 - train: epoch 38, iter:0, loss: 0.3130, lr: 0.00419445793245117
2024-12-09 19:16:14 - val epoch: 38, loss: 0.2748
2024-12-09 19:16:16 - train: epoch 39, iter:0, loss: 0.1931, lr: 0.004107533035290613
2024-12-09 19:19:02 - val epoch: 39, loss: 0.3210
2024-12-09 19:19:04 - train: epoch 40, iter:0, loss: 0.1451, lr: 0.004019520071134651
2024-12-09 19:22:24 - val epoch: 40, loss: 0.2398, miou: 0.7154, f1_or_dsc: 0.8341, accuracy: 0.9950,                 specificity: 0.9972, recall: 0.8492, precision: 0.8195, confusion_matrix: [[135232279    377213]
 [   304045   1712063]]
2024-12-09 19:22:26 - train: epoch 41, iter:0, loss: 0.2508, lr: 0.00393050589815297
2024-12-09 19:25:13 - val epoch: 41, loss: 0.2538
2024-12-09 19:25:15 - train: epoch 42, iter:0, loss: 0.3419, lr: 0.003840578362587495
2024-12-09 19:27:58 - val epoch: 42, loss: 0.2364
2024-12-09 19:28:00 - train: epoch 43, iter:0, loss: 0.1377, lr: 0.0037498262120587425
2024-12-09 19:30:47 - val epoch: 43, loss: 0.2625
2024-12-09 19:30:49 - train: epoch 44, iter:0, loss: 0.3891, lr: 0.003658339007982648
2024-12-09 19:33:36 - val epoch: 44, loss: 0.2333
2024-12-09 19:33:38 - train: epoch 45, iter:0, loss: 0.1873, lr: 0.0035662070371842484
2024-12-09 19:36:18 - val epoch: 45, loss: 0.2458
2024-12-09 19:36:20 - train: epoch 46, iter:0, loss: 0.1957, lr: 0.003473521222795494
2024-12-09 19:39:04 - val epoch: 46, loss: 0.2392
2024-12-09 19:39:06 - train: epoch 47, iter:0, loss: 0.1154, lr: 0.0033803730345250945
2024-12-09 19:41:56 - val epoch: 47, loss: 0.2456
2024-12-09 19:41:58 - train: epoch 48, iter:0, loss: 0.2016, lr: 0.003286854398388953
2024-12-09 19:44:42 - val epoch: 48, loss: 0.2200
2024-12-09 19:44:44 - train: epoch 49, iter:0, loss: 0.1377, lr: 0.0031930576059902966
2024-12-09 19:47:30 - val epoch: 49, loss: 0.2479
2024-12-09 19:47:32 - train: epoch 50, iter:0, loss: 0.0941, lr: 0.003099075223438997
2024-12-09 19:50:51 - val epoch: 50, loss: 0.2309, miou: 0.7245, f1_or_dsc: 0.8402, accuracy: 0.9955,                 specificity: 0.9982, recall: 0.8108, precision: 0.8719, confusion_matrix: [[135369282    240210]
 [   381392   1634716]]
2024-12-09 19:50:53 - train: epoch 51, iter:0, loss: 0.1161, lr: 0.003005000000000003
2024-12-09 19:53:39 - val epoch: 51, loss: 0.2224
2024-12-09 19:53:41 - train: epoch 52, iter:0, loss: 0.2961, lr: 0.0029109247765610087
2024-12-09 19:56:21 - val epoch: 52, loss: 0.2386
2024-12-09 19:56:23 - train: epoch 53, iter:0, loss: 0.1423, lr: 0.002816942394009709
2024-12-09 19:59:03 - val epoch: 53, loss: 0.2545
2024-12-09 19:59:04 - train: epoch 54, iter:0, loss: 0.1014, lr: 0.002723145601611052
2024-12-09 20:01:46 - val epoch: 54, loss: 0.2321
2024-12-09 20:01:48 - train: epoch 55, iter:0, loss: 0.1055, lr: 0.0026296269654749113
2024-12-09 20:04:26 - val epoch: 55, loss: 0.2388
2024-12-09 20:04:27 - train: epoch 56, iter:0, loss: 0.2464, lr: 0.002536478777204511
2024-12-09 20:07:10 - val epoch: 56, loss: 0.2182
2024-12-09 20:07:12 - train: epoch 57, iter:0, loss: 0.1746, lr: 0.002443792962815757
2024-12-09 20:09:50 - val epoch: 57, loss: 0.2106
2024-12-09 20:09:52 - train: epoch 58, iter:0, loss: 0.1132, lr: 0.0023516609920173582
2024-12-09 20:12:12 - val epoch: 58, loss: 0.2108
2024-12-09 20:12:14 - train: epoch 59, iter:0, loss: 0.1439, lr: 0.002260173787941262
2024-12-09 20:14:29 - val epoch: 59, loss: 0.2475
2024-12-09 20:14:31 - train: epoch 60, iter:0, loss: 0.1591, lr: 0.0021694216374125107
2024-12-09 20:17:18 - val epoch: 60, loss: 0.2313, miou: 0.7193, f1_or_dsc: 0.8368, accuracy: 0.9954,                 specificity: 0.9982, recall: 0.8078, precision: 0.8679, confusion_matrix: [[135361545    247947]
 [   387507   1628601]]
2024-12-09 20:17:21 - train: epoch 61, iter:0, loss: 0.1439, lr: 0.0020794941018470355
2024-12-09 20:19:35 - val epoch: 61, loss: 0.2089
2024-12-09 20:19:37 - train: epoch 62, iter:0, loss: 0.1024, lr: 0.0019904799288653543
2024-12-09 20:21:54 - val epoch: 62, loss: 0.1998
2024-12-09 20:21:56 - train: epoch 63, iter:0, loss: 0.2458, lr: 0.0019024669647093922
2024-12-09 20:24:13 - val epoch: 63, loss: 0.2043
2024-12-09 20:24:15 - train: epoch 64, iter:0, loss: 0.1199, lr: 0.0018155420675488336
2024-12-09 20:26:33 - val epoch: 64, loss: 0.1999
2024-12-09 20:26:35 - train: epoch 65, iter:0, loss: 0.1976, lr: 0.0017297910217626091
2024-12-09 20:28:52 - val epoch: 65, loss: 0.2136
2024-12-09 20:28:54 - train: epoch 66, iter:0, loss: 0.2018, lr: 0.0016452984532800592
2024-12-09 20:31:11 - val epoch: 66, loss: 0.1992
2024-12-09 20:31:13 - train: epoch 67, iter:0, loss: 0.1643, lr: 0.0015621477460653638
2024-12-09 20:33:31 - val epoch: 67, loss: 0.2154
2024-12-09 20:33:33 - train: epoch 68, iter:0, loss: 0.1456, lr: 0.0014804209598276393
2024-12-09 20:35:47 - val epoch: 68, loss: 0.1925
2024-12-09 20:35:49 - train: epoch 69, iter:0, loss: 0.1798, lr: 0.0014001987490379058
2024-12-09 20:38:06 - val epoch: 69, loss: 0.2027
2024-12-09 20:38:08 - train: epoch 70, iter:0, loss: 0.1980, lr: 0.00132156028333287
2024-12-09 20:40:54 - val epoch: 70, loss: 0.2044, miou: 0.7484, f1_or_dsc: 0.8561, accuracy: 0.9959,                 specificity: 0.9984, recall: 0.8275, precision: 0.8866, confusion_matrix: [[135396141    213351]
 [   347687   1668421]]
2024-12-09 20:40:56 - train: epoch 71, iter:0, loss: 0.1308, lr: 0.0012445831693840446
2024-12-09 20:43:13 - val epoch: 71, loss: 0.1962
2024-12-09 20:43:15 - train: epoch 72, iter:0, loss: 0.1599, lr: 0.0011693433743093363
2024-12-09 20:45:32 - val epoch: 72, loss: 0.1998
2024-12-09 20:45:34 - train: epoch 73, iter:0, loss: 0.0936, lr: 0.0010959151507026754
2024-12-09 20:47:46 - val epoch: 73, loss: 0.2012
2024-12-09 20:47:48 - train: epoch 74, iter:0, loss: 0.1573, lr: 0.0010243709633556643
2024-12-09 20:49:57 - val epoch: 74, loss: 0.1885
2024-12-09 20:49:59 - train: epoch 75, iter:0, loss: 0.1496, lr: 0.0009547814177435784
2024-12-09 20:52:13 - val epoch: 75, loss: 0.1873
2024-12-09 20:52:15 - train: epoch 76, iter:0, loss: 0.1465, lr: 0.0008872151903462915
2024-12-09 20:54:34 - val epoch: 76, loss: 0.2191
2024-12-09 20:54:35 - train: epoch 77, iter:0, loss: 0.2172, lr: 0.0008217389608728741
2024-12-09 20:56:51 - val epoch: 77, loss: 0.2008
2024-12-09 20:56:53 - train: epoch 78, iter:0, loss: 0.1164, lr: 0.0007584173464567745
2024-12-09 20:59:10 - val epoch: 78, loss: 0.1967
2024-12-09 20:59:12 - train: epoch 79, iter:0, loss: 0.2302, lr: 0.0006973128378865124
2024-12-09 21:01:28 - val epoch: 79, loss: 0.1932
2024-12-09 21:01:30 - train: epoch 80, iter:0, loss: 0.1367, lr: 0.000638485737934808
2024-12-09 21:04:19 - val epoch: 80, loss: 0.1856, miou: 0.7737, f1_or_dsc: 0.8724, accuracy: 0.9963,                 specificity: 0.9985, recall: 0.8532, precision: 0.8926, confusion_matrix: [[135402494    206998]
 [   296044   1720064]]
2024-12-09 21:04:21 - train: epoch 81, iter:0, loss: 0.0857, lr: 0.0005819941018470335
2024-12-09 21:06:39 - val epoch: 81, loss: 0.1887
2024-12-09 21:06:40 - train: epoch 82, iter:0, loss: 0.1158, lr: 0.0005278936800476884
2024-12-09 21:08:59 - val epoch: 82, loss: 0.1876
2024-12-09 21:09:01 - train: epoch 83, iter:0, loss: 0.1345, lr: 0.0004762378631214662
2024-12-09 21:11:08 - val epoch: 83, loss: 0.1926
2024-12-09 21:11:10 - train: epoch 84, iter:0, loss: 0.1225, lr: 0.0004270776291231891
2024-12-09 21:13:22 - val epoch: 84, loss: 0.1917
2024-12-09 21:13:24 - train: epoch 85, iter:0, loss: 0.1295, lr: 0.00038046149326862914
2024-12-09 21:15:41 - val epoch: 85, loss: 0.1899
2024-12-09 21:15:43 - train: epoch 86, iter:0, loss: 0.2068, lr: 0.00033643546005583896
2024-12-09 21:17:59 - val epoch: 86, loss: 0.1888
2024-12-09 21:18:01 - train: epoch 87, iter:0, loss: 0.1171, lr: 0.00029504297786427244
2024-12-09 21:20:18 - val epoch: 87, loss: 0.1833
2024-12-09 21:20:20 - train: epoch 88, iter:0, loss: 0.1528, lr: 0.0002563248960764775
2024-12-09 21:22:36 - val epoch: 88, loss: 0.1861
2024-12-09 21:22:38 - train: epoch 89, iter:0, loss: 0.1253, lr: 0.00022031942476468747
2024-12-09 21:24:53 - val epoch: 89, loss: 0.1858
2024-12-09 21:24:55 - train: epoch 90, iter:0, loss: 0.1559, lr: 0.00018706209698209498
2024-12-09 21:27:39 - val epoch: 90, loss: 0.1869, miou: 0.7751, f1_or_dsc: 0.8733, accuracy: 0.9963,                 specificity: 0.9984, recall: 0.8593, precision: 0.8878, confusion_matrix: [[135390636    218856]
 [   283767   1732341]]
2024-12-09 21:27:42 - train: epoch 91, iter:0, loss: 0.0853, lr: 0.00015658573369601534
2024-12-09 21:29:57 - val epoch: 91, loss: 0.1871
2024-12-09 21:29:59 - train: epoch 92, iter:0, loss: 0.1804, lr: 0.00012892041139755597
2024-12-09 21:32:13 - val epoch: 92, loss: 0.1880
2024-12-09 21:32:15 - train: epoch 93, iter:0, loss: 0.2219, lr: 0.00010409343241975035
2024-12-09 21:34:29 - val epoch: 93, loss: 0.1842
2024-12-09 21:34:31 - train: epoch 94, iter:0, loss: 0.1441, lr: 8.212929799345183e-05
2024-12-09 21:36:46 - val epoch: 94, loss: 0.1859
2024-12-09 21:36:48 - train: epoch 95, iter:0, loss: 0.0997, lr: 6.304968406757734e-05
2024-12-09 21:39:02 - val epoch: 95, loss: 0.1872
2024-12-09 21:39:04 - train: epoch 96, iter:0, loss: 0.1463, lr: 4.687341991756275e-05
2024-12-09 21:41:18 - val epoch: 96, loss: 0.1868
2024-12-09 21:41:20 - train: epoch 97, iter:0, loss: 0.0981, lr: 3.361646956313912e-05
2024-12-09 21:43:35 - val epoch: 97, loss: 0.1864
2024-12-09 21:43:37 - train: epoch 98, iter:0, loss: 0.1016, lr: 2.329191601377543e-05
2024-12-09 21:45:53 - val epoch: 98, loss: 0.1859
2024-12-09 21:45:55 - train: epoch 99, iter:0, loss: 0.1211, lr: 1.590994835732669e-05
2024-12-09 21:48:09 - val epoch: 99, loss: 0.1862
2024-12-09 21:48:11 - train: epoch 100, iter:0, loss: 0.1436, lr: 1.1477851704633861e-05
2024-12-09 21:51:02 - val epoch: 100, loss: 0.1856, miou: 0.7769, f1_or_dsc: 0.8744, accuracy: 0.9964,                 specificity: 0.9984, recall: 0.8585, precision: 0.8910, confusion_matrix: [[135397736    211756]
 [   285370   1730738]]
2024-12-09 21:52:10 - test of best model, loss: 0.1737,miou: 0.7931, f1_or_dsc: 0.8846, accuracy: 0.9966,                 specificity: 0.9987, recall: 0.8614, precision: 0.9091, confusion_matrix: [[136654230    180986]
 [   291281   1809823]]
