2024-12-09 14:19:35 - #----------Config info----------#
2024-12-09 14:19:35 - network: UltraLight_CrackNet,
2024-12-09 14:19:35 - model_config: {'num_classes': 1, 'input_channels': 3, 'c_list': [8, 16, 24, 32, 48, 64], 'split_att': 'fc', 'bridge': True},
2024-12-09 14:19:35 - datasets: Crack500,
2024-12-09 14:19:35 - criterion: BceDiceLoss(
  (bce): BCELoss()
  (dice): DiceLoss()
),
2024-12-09 14:19:35 - pretrained_path: ./pre_trained/,
2024-12-09 14:19:35 - num_classes: 1,
2024-12-09 14:19:35 - input_size_h: 384,
2024-12-09 14:19:35 - input_size_w: 384,
2024-12-09 14:19:35 - input_channels: 3,
2024-12-09 14:19:35 - distributed: False,
2024-12-09 14:19:35 - local_rank: -1,
2024-12-09 14:19:35 - num_workers: 8,
2024-12-09 14:19:35 - seed: 42,
2024-12-09 14:19:35 - world_size: None,
2024-12-09 14:19:35 - rank: None,
2024-12-09 14:19:35 - amp: False,
2024-12-09 14:19:35 - gpu_id: 0,
2024-12-09 14:19:35 - batch_size: 8,
2024-12-09 14:19:35 - epochs: 100,
2024-12-09 14:19:35 - work_dir: results/UltraLight_CrackNet_Crack500_Monday_09_December_2024_14h_19m_35s/,
2024-12-09 14:19:35 - print_interval: 237,
2024-12-09 14:19:35 - val_interval: 10,
2024-12-09 14:19:35 - save_interval: 224,
2024-12-09 14:19:35 - threshold: 0.5,
2024-12-09 14:19:35 - opt: AdamW,
2024-12-09 14:19:35 - lr: 0.006,
2024-12-09 14:19:35 - betas: (0.9, 0.999),
2024-12-09 14:19:35 - eps: 1e-08,
2024-12-09 14:19:35 - weight_decay: 0.01,
2024-12-09 14:19:35 - amsgrad: False,
2024-12-09 14:19:35 - sch: CosineAnnealingLR,
2024-12-09 14:19:35 - T_max: 100,
2024-12-09 14:19:35 - eta_min: 1e-05,
2024-12-09 14:19:35 - last_epoch: -1,
2024-12-09 14:19:38 - flops: 1.10, params: 0.13, Total params: : 0.16
2024-12-09 14:19:40 - train: epoch 1, iter:0, loss: 1.5961, lr: 0.006
2024-12-09 14:20:50 - val epoch: 1, loss: 0.7026
2024-12-09 14:20:51 - train: epoch 2, iter:0, loss: 0.6464, lr: 0.0059985221482953665
2024-12-09 14:22:03 - val epoch: 2, loss: 0.6505
2024-12-09 14:22:04 - train: epoch 3, iter:0, loss: 0.4374, lr: 0.005994090051642674
2024-12-09 14:23:16 - val epoch: 3, loss: 0.6924
2024-12-09 14:23:17 - train: epoch 4, iter:0, loss: 0.4882, lr: 0.005986708083986225
2024-12-09 14:24:28 - val epoch: 4, loss: 0.6664
2024-12-09 14:24:29 - train: epoch 5, iter:0, loss: 0.6694, lr: 0.005976383530436862
2024-12-09 14:25:41 - val epoch: 5, loss: 1.8481
2024-12-09 14:25:43 - train: epoch 6, iter:0, loss: 0.8018, lr: 0.005963126580082438
2024-12-09 14:26:54 - val epoch: 6, loss: 0.9896
2024-12-09 14:26:55 - train: epoch 7, iter:0, loss: 0.4354, lr: 0.005946950315932423
2024-12-09 14:28:05 - val epoch: 7, loss: 0.7002
2024-12-09 14:28:07 - train: epoch 8, iter:0, loss: 0.4106, lr: 0.005927870702006548
2024-12-09 14:29:16 - val epoch: 8, loss: 0.7539
2024-12-09 14:29:17 - train: epoch 9, iter:0, loss: 0.5444, lr: 0.00590590656758025
2024-12-09 14:30:29 - val epoch: 9, loss: 0.8690
2024-12-09 14:30:30 - train: epoch 10, iter:0, loss: 0.4292, lr: 0.0058810795886024446
2024-12-09 14:31:50 - val epoch: 10, loss: 0.6802, miou: 0.4691, f1_or_dsc: 0.6387, accuracy: 0.9501,                 specificity: 0.9651, recall: 0.7209, precision: 0.5733, confusion_matrix: [[46494478  1683412]
 [  875429  2261369]]
2024-12-09 14:31:52 - train: epoch 11, iter:0, loss: 0.4918, lr: 0.005853414266303985
2024-12-09 14:33:02 - val epoch: 11, loss: 1.7299
2024-12-09 14:33:03 - train: epoch 12, iter:0, loss: 0.7487, lr: 0.0058229379030179055
2024-12-09 14:34:14 - val epoch: 12, loss: 0.7523
2024-12-09 14:34:15 - train: epoch 13, iter:0, loss: 0.3559, lr: 0.005789680575235313
2024-12-09 14:35:25 - val epoch: 13, loss: 0.9371
2024-12-09 14:35:27 - train: epoch 14, iter:0, loss: 0.5659, lr: 0.005753675103923523
2024-12-09 14:36:39 - val epoch: 14, loss: 0.9767
2024-12-09 14:36:40 - train: epoch 15, iter:0, loss: 0.5426, lr: 0.005714957022135729
2024-12-09 14:37:54 - val epoch: 15, loss: 1.0893
2024-12-09 14:37:56 - train: epoch 16, iter:0, loss: 0.4074, lr: 0.005673564539944162
2024-12-09 14:39:12 - val epoch: 16, loss: 0.7180
2024-12-09 14:39:14 - train: epoch 17, iter:0, loss: 0.6725, lr: 0.005629538506731371
2024-12-09 14:40:28 - val epoch: 17, loss: 0.7133
2024-12-09 14:40:30 - train: epoch 18, iter:0, loss: 0.4659, lr: 0.005582922370876812
2024-12-09 14:41:45 - val epoch: 18, loss: 0.7085
2024-12-09 14:41:46 - train: epoch 19, iter:0, loss: 0.3043, lr: 0.005533762136878536
2024-12-09 14:43:04 - val epoch: 19, loss: 0.6555
2024-12-09 14:43:05 - train: epoch 20, iter:0, loss: 0.4428, lr: 0.005482106319952313
2024-12-09 14:44:31 - val epoch: 20, loss: 0.7391, miou: 0.4676, f1_or_dsc: 0.6373, accuracy: 0.9465,                 specificity: 0.9581, recall: 0.7684, precision: 0.5443, confusion_matrix: [[46160176  2017714]
 [  726395  2410403]]
2024-12-09 14:44:32 - train: epoch 21, iter:0, loss: 0.6177, lr: 0.005428005898152968
2024-12-09 14:45:48 - val epoch: 21, loss: 0.7309
2024-12-09 14:45:49 - train: epoch 22, iter:0, loss: 0.3370, lr: 0.0053715142620651924
2024-12-09 14:47:06 - val epoch: 22, loss: 1.0396
2024-12-09 14:47:07 - train: epoch 23, iter:0, loss: 0.4848, lr: 0.005312687162113489
2024-12-09 14:48:23 - val epoch: 23, loss: 0.7288
2024-12-09 14:48:24 - train: epoch 24, iter:0, loss: 0.4807, lr: 0.005251582653543227
2024-12-09 14:49:44 - val epoch: 24, loss: 0.6215
2024-12-09 14:49:45 - train: epoch 25, iter:0, loss: 0.4650, lr: 0.005188261039127128
2024-12-09 14:50:59 - val epoch: 25, loss: 0.6691
2024-12-09 14:51:01 - train: epoch 26, iter:0, loss: 0.4419, lr: 0.00512278480965371
2024-12-09 14:52:07 - val epoch: 26, loss: 0.7587
2024-12-09 14:52:08 - train: epoch 27, iter:0, loss: 0.2790, lr: 0.005055218582256424
2024-12-09 14:53:21 - val epoch: 27, loss: 0.6300
2024-12-09 14:53:22 - train: epoch 28, iter:0, loss: 0.4810, lr: 0.004985629036644339
2024-12-09 14:54:38 - val epoch: 28, loss: 0.7062
2024-12-09 14:54:39 - train: epoch 29, iter:0, loss: 0.2985, lr: 0.004914084849297327
2024-12-09 14:55:57 - val epoch: 29, loss: 0.7938
2024-12-09 14:55:58 - train: epoch 30, iter:0, loss: 0.2186, lr: 0.004840656625690666
2024-12-09 14:57:34 - val epoch: 30, loss: 0.6014, miou: 0.5306, f1_or_dsc: 0.6934, accuracy: 0.9619,                 specificity: 0.9786, recall: 0.7052, precision: 0.6819, confusion_matrix: [[47145802  1032088]
 [  924645  2212153]]
2024-12-09 14:57:36 - train: epoch 31, iter:0, loss: 0.5624, lr: 0.0047654168306159594
2024-12-09 14:58:57 - val epoch: 31, loss: 0.6376
2024-12-09 14:58:58 - train: epoch 32, iter:0, loss: 0.3193, lr: 0.004688439716667134
2024-12-09 15:00:18 - val epoch: 32, loss: 0.6068
2024-12-09 15:00:19 - train: epoch 33, iter:0, loss: 0.3491, lr: 0.004609801250962097
2024-12-09 15:01:42 - val epoch: 33, loss: 0.6665
2024-12-09 15:01:43 - train: epoch 34, iter:0, loss: 0.4953, lr: 0.004529579040172364
2024-12-09 15:03:00 - val epoch: 34, loss: 0.6561
2024-12-09 15:03:01 - train: epoch 35, iter:0, loss: 0.4090, lr: 0.004447852253934639
2024-12-09 15:04:17 - val epoch: 35, loss: 0.9022
2024-12-09 15:04:18 - train: epoch 36, iter:0, loss: 0.5548, lr: 0.004364701546719945
2024-12-09 15:05:35 - val epoch: 36, loss: 0.5861
2024-12-09 15:05:36 - train: epoch 37, iter:0, loss: 0.4096, lr: 0.0042802089782373945
2024-12-09 15:06:51 - val epoch: 37, loss: 0.5975
2024-12-09 15:06:52 - train: epoch 38, iter:0, loss: 0.3909, lr: 0.00419445793245117
2024-12-09 15:08:08 - val epoch: 38, loss: 0.6782
2024-12-09 15:08:09 - train: epoch 39, iter:0, loss: 0.2334, lr: 0.004107533035290613
2024-12-09 15:09:25 - val epoch: 39, loss: 0.7308
2024-12-09 15:09:27 - train: epoch 40, iter:0, loss: 0.4668, lr: 0.004019520071134651
2024-12-09 15:10:54 - val epoch: 40, loss: 0.5961, miou: 0.5364, f1_or_dsc: 0.6982, accuracy: 0.9663,                 specificity: 0.9876, recall: 0.6381, precision: 0.7708, confusion_matrix: [[47582754   595136]
 [ 1135147  2001651]]
2024-12-09 15:10:56 - train: epoch 41, iter:0, loss: 0.3835, lr: 0.00393050589815297
2024-12-09 15:12:11 - val epoch: 41, loss: 0.5929
2024-12-09 15:12:12 - train: epoch 42, iter:0, loss: 0.2205, lr: 0.003840578362587495
2024-12-09 15:13:28 - val epoch: 42, loss: 0.7805
2024-12-09 15:13:30 - train: epoch 43, iter:0, loss: 0.4117, lr: 0.0037498262120587425
2024-12-09 15:14:51 - val epoch: 43, loss: 0.5721
2024-12-09 15:14:52 - train: epoch 44, iter:0, loss: 0.4573, lr: 0.003658339007982648
2024-12-09 15:16:10 - val epoch: 44, loss: 0.6350
2024-12-09 15:16:11 - train: epoch 45, iter:0, loss: 0.4017, lr: 0.0035662070371842484
2024-12-09 15:17:28 - val epoch: 45, loss: 0.5918
2024-12-09 15:17:29 - train: epoch 46, iter:0, loss: 0.1800, lr: 0.003473521222795494
2024-12-09 15:18:52 - val epoch: 46, loss: 0.5591
2024-12-09 15:18:53 - train: epoch 47, iter:0, loss: 0.4822, lr: 0.0033803730345250945
2024-12-09 15:20:19 - val epoch: 47, loss: 0.5705
2024-12-09 15:20:20 - train: epoch 48, iter:0, loss: 0.3758, lr: 0.003286854398388953
2024-12-09 15:21:45 - val epoch: 48, loss: 0.5588
2024-12-09 15:21:46 - train: epoch 49, iter:0, loss: 0.5065, lr: 0.0031930576059902966
2024-12-09 15:23:11 - val epoch: 49, loss: 0.5491
2024-12-09 15:23:12 - train: epoch 50, iter:0, loss: 0.4528, lr: 0.003099075223438997
2024-12-09 15:24:47 - val epoch: 50, loss: 0.5824, miou: 0.5548, f1_or_dsc: 0.7137, accuracy: 0.9648,                 specificity: 0.9810, recall: 0.7170, precision: 0.7104, confusion_matrix: [[47261173   916717]
 [  887728  2249070]]
2024-12-09 15:24:48 - train: epoch 51, iter:0, loss: 0.3233, lr: 0.003005000000000003
2024-12-09 15:26:15 - val epoch: 51, loss: 0.5828
2024-12-09 15:26:16 - train: epoch 52, iter:0, loss: 0.4249, lr: 0.0029109247765610087
2024-12-09 15:27:40 - val epoch: 52, loss: 0.5514
2024-12-09 15:27:41 - train: epoch 53, iter:0, loss: 0.3474, lr: 0.002816942394009709
2024-12-09 15:29:06 - val epoch: 53, loss: 0.5578
2024-12-09 15:29:07 - train: epoch 54, iter:0, loss: 0.4130, lr: 0.002723145601611052
2024-12-09 15:30:32 - val epoch: 54, loss: 0.5991
2024-12-09 15:30:33 - train: epoch 55, iter:0, loss: 0.3575, lr: 0.0026296269654749113
2024-12-09 15:31:58 - val epoch: 55, loss: 0.5576
2024-12-09 15:31:59 - train: epoch 56, iter:0, loss: 0.2702, lr: 0.002536478777204511
2024-12-09 15:33:25 - val epoch: 56, loss: 0.6148
2024-12-09 15:33:26 - train: epoch 57, iter:0, loss: 0.3557, lr: 0.002443792962815757
2024-12-09 15:34:47 - val epoch: 57, loss: 0.5558
2024-12-09 15:34:48 - train: epoch 58, iter:0, loss: 0.4789, lr: 0.0023516609920173582
2024-12-09 15:36:12 - val epoch: 58, loss: 2.4253
2024-12-09 15:36:13 - train: epoch 59, iter:0, loss: 0.4539, lr: 0.002260173787941262
2024-12-09 15:37:34 - val epoch: 59, loss: 0.8133
2024-12-09 15:37:35 - train: epoch 60, iter:0, loss: 0.3321, lr: 0.0021694216374125107
2024-12-09 15:39:08 - val epoch: 60, loss: 0.7153, miou: 0.4829, f1_or_dsc: 0.6513, accuracy: 0.9555,                 specificity: 0.9734, recall: 0.6804, precision: 0.6246, confusion_matrix: [[46895323  1282567]
 [ 1002659  2134139]]
2024-12-09 15:39:09 - train: epoch 61, iter:0, loss: 0.4461, lr: 0.0020794941018470355
2024-12-09 15:40:23 - val epoch: 61, loss: 0.5805
2024-12-09 15:40:24 - train: epoch 62, iter:0, loss: 0.3860, lr: 0.0019904799288653543
2024-12-09 15:41:38 - val epoch: 62, loss: 0.5849
2024-12-09 15:41:40 - train: epoch 63, iter:0, loss: 0.1933, lr: 0.0019024669647093922
2024-12-09 15:42:53 - val epoch: 63, loss: 0.5957
2024-12-09 15:42:54 - train: epoch 64, iter:0, loss: 0.2111, lr: 0.0018155420675488336
2024-12-09 15:44:07 - val epoch: 64, loss: 0.5673
2024-12-09 15:44:08 - train: epoch 65, iter:0, loss: 0.2076, lr: 0.0017297910217626091
2024-12-09 15:45:21 - val epoch: 65, loss: 0.5761
2024-12-09 15:45:22 - train: epoch 66, iter:0, loss: 0.3772, lr: 0.0016452984532800592
2024-12-09 15:46:35 - val epoch: 66, loss: 0.5507
2024-12-09 15:46:36 - train: epoch 67, iter:0, loss: 0.4539, lr: 0.0015621477460653638
2024-12-09 15:47:50 - val epoch: 67, loss: 0.5493
2024-12-09 15:47:51 - train: epoch 68, iter:0, loss: 0.3067, lr: 0.0014804209598276393
2024-12-09 15:49:04 - val epoch: 68, loss: 0.5730
2024-12-09 15:49:05 - train: epoch 69, iter:0, loss: 0.1690, lr: 0.0014001987490379058
2024-12-09 15:50:18 - val epoch: 69, loss: 0.5383
2024-12-09 15:50:19 - train: epoch 70, iter:0, loss: 0.3585, lr: 0.00132156028333287
2024-12-09 15:51:43 - val epoch: 70, loss: 0.5290, miou: 0.5796, f1_or_dsc: 0.7339, accuracy: 0.9678,                 specificity: 0.9834, recall: 0.7272, precision: 0.7406, confusion_matrix: [[47379070   798820]
 [  855719  2281079]]
2024-12-09 15:51:45 - train: epoch 71, iter:0, loss: 0.3879, lr: 0.0012445831693840446
2024-12-09 15:52:58 - val epoch: 71, loss: 0.5380
2024-12-09 15:53:00 - train: epoch 72, iter:0, loss: 0.1924, lr: 0.0011693433743093363
2024-12-09 15:54:16 - val epoch: 72, loss: 0.5659
2024-12-09 15:54:17 - train: epoch 73, iter:0, loss: 0.2135, lr: 0.0010959151507026754
2024-12-09 15:55:35 - val epoch: 73, loss: 0.5423
2024-12-09 15:55:36 - train: epoch 74, iter:0, loss: 0.4127, lr: 0.0010243709633556643
2024-12-09 15:56:56 - val epoch: 74, loss: 0.5399
2024-12-09 15:56:57 - train: epoch 75, iter:0, loss: 0.2635, lr: 0.0009547814177435784
2024-12-09 15:58:16 - val epoch: 75, loss: 0.5287
2024-12-09 15:58:17 - train: epoch 76, iter:0, loss: 0.3409, lr: 0.0008872151903462915
2024-12-09 15:59:33 - val epoch: 76, loss: 0.5388
2024-12-09 15:59:35 - train: epoch 77, iter:0, loss: 0.3287, lr: 0.0008217389608728741
2024-12-09 16:00:52 - val epoch: 77, loss: 0.5222
2024-12-09 16:00:53 - train: epoch 78, iter:0, loss: 0.4629, lr: 0.0007584173464567745
2024-12-09 16:02:12 - val epoch: 78, loss: 0.5097
2024-12-09 16:02:13 - train: epoch 79, iter:0, loss: 0.3280, lr: 0.0006973128378865124
2024-12-09 16:03:31 - val epoch: 79, loss: 0.5406
2024-12-09 16:03:32 - train: epoch 80, iter:0, loss: 0.2955, lr: 0.000638485737934808
2024-12-09 16:05:01 - val epoch: 80, loss: 0.5382, miou: 0.5710, f1_or_dsc: 0.7269, accuracy: 0.9670,                 specificity: 0.9831, recall: 0.7195, precision: 0.7345, confusion_matrix: [[47361874   816016]
 [  879758  2257040]]
2024-12-09 16:05:02 - train: epoch 81, iter:0, loss: 0.1807, lr: 0.0005819941018470335
2024-12-09 16:06:19 - val epoch: 81, loss: 0.5251
2024-12-09 16:06:21 - train: epoch 82, iter:0, loss: 0.2356, lr: 0.0005278936800476884
2024-12-09 16:07:43 - val epoch: 82, loss: 0.5259
2024-12-09 16:07:44 - train: epoch 83, iter:0, loss: 0.2704, lr: 0.0004762378631214662
2024-12-09 16:09:09 - val epoch: 83, loss: 0.5354
2024-12-09 16:09:10 - train: epoch 84, iter:0, loss: 0.3280, lr: 0.0004270776291231891
2024-12-09 16:10:35 - val epoch: 84, loss: 0.5298
2024-12-09 16:10:37 - train: epoch 85, iter:0, loss: 0.2781, lr: 0.00038046149326862914
2024-12-09 16:12:01 - val epoch: 85, loss: 0.5380
2024-12-09 16:12:02 - train: epoch 86, iter:0, loss: 0.3400, lr: 0.00033643546005583896
2024-12-09 16:13:26 - val epoch: 86, loss: 0.5174
2024-12-09 16:13:28 - train: epoch 87, iter:0, loss: 0.2821, lr: 0.00029504297786427244
2024-12-09 16:14:49 - val epoch: 87, loss: 0.5272
2024-12-09 16:14:51 - train: epoch 88, iter:0, loss: 0.2645, lr: 0.0002563248960764775
2024-12-09 16:16:14 - val epoch: 88, loss: 0.5355
2024-12-09 16:16:16 - train: epoch 89, iter:0, loss: 0.3920, lr: 0.00022031942476468747
2024-12-09 16:17:41 - val epoch: 89, loss: 0.5313
2024-12-09 16:17:42 - train: epoch 90, iter:0, loss: 0.5678, lr: 0.00018706209698209498
2024-12-09 16:19:17 - val epoch: 90, loss: 0.5355, miou: 0.5744, f1_or_dsc: 0.7297, accuracy: 0.9670,                 specificity: 0.9825, recall: 0.7292, precision: 0.7301, confusion_matrix: [[47332399   845491]
 [  849380  2287418]]
2024-12-09 16:19:19 - train: epoch 91, iter:0, loss: 0.2762, lr: 0.00015658573369601534
2024-12-09 16:20:45 - val epoch: 91, loss: 0.5279
2024-12-09 16:20:46 - train: epoch 92, iter:0, loss: 0.1791, lr: 0.00012892041139755597
2024-12-09 16:22:09 - val epoch: 92, loss: 0.5260
2024-12-09 16:22:11 - train: epoch 93, iter:0, loss: 0.2744, lr: 0.00010409343241975035
2024-12-09 16:23:39 - val epoch: 93, loss: 0.5270
2024-12-09 16:23:41 - train: epoch 94, iter:0, loss: 0.3193, lr: 8.212929799345183e-05
2024-12-09 16:25:06 - val epoch: 94, loss: 0.5225
2024-12-09 16:25:07 - train: epoch 95, iter:0, loss: 0.5575, lr: 6.304968406757734e-05
2024-12-09 16:26:27 - val epoch: 95, loss: 0.5226
2024-12-09 16:26:28 - train: epoch 96, iter:0, loss: 0.4115, lr: 4.687341991756275e-05
2024-12-09 16:27:54 - val epoch: 96, loss: 0.5241
2024-12-09 16:27:56 - train: epoch 97, iter:0, loss: 0.3543, lr: 3.361646956313912e-05
2024-12-09 16:29:21 - val epoch: 97, loss: 0.5250
2024-12-09 16:29:22 - train: epoch 98, iter:0, loss: 0.2134, lr: 2.329191601377543e-05
2024-12-09 16:30:47 - val epoch: 98, loss: 0.5240
2024-12-09 16:30:48 - train: epoch 99, iter:0, loss: 0.3295, lr: 1.590994835732669e-05
2024-12-09 16:32:13 - val epoch: 99, loss: 0.5229
2024-12-09 16:32:15 - train: epoch 100, iter:0, loss: 0.3738, lr: 1.1477851704633861e-05
2024-12-09 16:33:53 - val epoch: 100, loss: 0.5233, miou: 0.5846, f1_or_dsc: 0.7379, accuracy: 0.9677,                 specificity: 0.9822, recall: 0.7443, precision: 0.7316, confusion_matrix: [[47321292   856598]
 [  802130  2334668]]
2024-12-09 16:35:42 - test of best model, loss: 0.4932,miou: 0.5905, f1_or_dsc: 0.7425, accuracy: 0.9693,                 specificity: 0.9842, recall: 0.7363, precision: 0.7489, confusion_matrix: [[153331371   2457343]
 [  2624683   7327147]]
